[    82.359] (WW) Failed to open protocol names file lib/xorg/protocol.txt
[    82.360] 
X.Org X Server 1.20.9
X Protocol Version 11, Revision 0
[    82.360] Build Operating System: Linux Arch Linux
[    82.360] Current Operating System: Linux brick 5.9.1-arch1-1 #1 SMP PREEMPT Sat, 17 Oct 2020 13:30:37 +0000 x86_64
[    82.360] Kernel command line: BOOT_IMAGE=/boot/vmlinuz-linux root=UUID=70b29227-b9c0-43c8-8773-5097f4b94b05 rw loglevel=3 quiet
[    82.360] Build Date: 02 September 2020  06:17:44AM
[    82.360]  
[    82.360] Current version of pixman: 0.40.0
[    82.360] 	Before reporting problems, check http://wiki.x.org
	to make sure that you have the latest version.
[    82.360] Markers: (--) probed, (**) from config file, (==) default setting,
	(++) from command line, (!!) notice, (II) informational,
	(WW) warning, (EE) error, (NI) not implemented, (??) unknown.
[    82.360] (==) Log file: "/home/chan/.local/share/xorg/Xorg.0.log", Time: Sun Oct 25 14:08:04 2020
[    82.364] (==) Using system config directory "/usr/share/X11/xorg.conf.d"
[    82.364] (==) No Layout section.  Using the first Screen section.
[    82.364] (==) No screen section available. Using defaults.
[    82.364] (**) |-->Screen "Default Screen Section" (0)
[    82.364] (**) |   |-->Monitor "<default monitor>"
[    82.364] (==) No monitor specified for screen "Default Screen Section".
	Using a default monitor configuration.
[    82.364] (==) Automatically adding devices
[    82.364] (==) Automatically enabling devices
[    82.364] (==) Automatically adding GPU devices
[    82.364] (==) Automatically binding GPU devices
[    82.364] (==) Max clients allowed: 256, resource mask: 0x1fffff
[    82.366] (WW) The directory "/usr/share/fonts/Type1" does not exist.
[    82.366] 	Entry deleted from font path.
[    82.367] (==) FontPath set to:
	/usr/share/fonts/misc,
	/usr/share/fonts/TTF,
	/usr/share/fonts/OTF,
	/usr/share/fonts/100dpi,
	/usr/share/fonts/75dpi
[    82.367] (==) ModulePath set to "/usr/lib/xorg/modules"
[    82.367] (II) The server relies on udev to provide the list of input devices.
	If no devices become available, reconfigure udev or disable AutoAddDevices.
[    82.367] (II) Module ABI versions:
[    82.367] 	X.Org ANSI C Emulation: 0.4
[    82.367] 	X.Org Video Driver: 24.1
[    82.367] 	X.Org XInput driver : 24.1
[    82.367] 	X.Org Server Extension : 10.0
[    82.367] (++) using VT number 1

[    82.367] (--) controlling tty is VT number 1, auto-enabling KeepTty
[    82.368] (II) systemd-logind: took control of session /org/freedesktop/login1/session/_31
[    82.369] (II) xfree86: Adding drm device (/dev/dri/card0)
[    82.369] (II) Platform probe for /sys/devices/pci0000:00/0000:00:03.1/0000:29:00.0/drm/card0
[    82.369] (II) systemd-logind: got fd for /dev/dri/card0 226:0 fd 10 paused 0
[    82.373] (--) PCI:*(41@0:0:0) 1002:6810:1682:9275 rev 0, Mem @ 0xe0000000/268435456, 0xfce00000/262144, I/O @ 0x0000e000/256, BIOS @ 0x????????/131072
[    82.373] (WW) Open ACPI failed (/var/run/acpid.socket) (No such file or directory)
[    82.373] (II) LoadModule: "glx"
[    82.374] (II) Loading /usr/lib/xorg/modules/extensions/libglx.so
[    82.378] (II) Module glx: vendor="X.Org Foundation"
[    82.378] 	compiled for 1.20.9, module version = 1.0.0
[    82.378] 	ABI class: X.Org Server Extension, version 10.0
[    82.378] (==) Matched ati as autoconfigured driver 0
[    82.378] (==) Matched modesetting as autoconfigured driver 1
[    82.378] (==) Matched fbdev as autoconfigured driver 2
[    82.378] (==) Matched vesa as autoconfigured driver 3
[    82.378] (==) Assigned the driver to the xf86ConfigLayout
[    82.378] (II) LoadModule: "ati"
[    82.378] (WW) Warning, couldn't open module ati
[    82.378] (EE) Failed to load module "ati" (module does not exist, 0)
[    82.378] (II) LoadModule: "modesetting"
[    82.378] (II) Loading /usr/lib/xorg/modules/drivers/modesetting_drv.so
[    82.379] (II) Module modesetting: vendor="X.Org Foundation"
[    82.379] 	compiled for 1.20.9, module version = 1.20.9
[    82.379] 	Module class: X.Org Video Driver
[    82.379] 	ABI class: X.Org Video Driver, version 24.1
[    82.379] (II) LoadModule: "fbdev"
[    82.379] (WW) Warning, couldn't open module fbdev
[    82.379] (EE) Failed to load module "fbdev" (module does not exist, 0)
[    82.379] (II) LoadModule: "vesa"
[    82.379] (II) Loading /usr/lib/xorg/modules/drivers/vesa_drv.so
[    82.380] (II) Module vesa: vendor="X.Org Foundation"
[    82.380] 	compiled for 1.20.9, module version = 2.5.0
[    82.380] 	Module class: X.Org Video Driver
[    82.380] 	ABI class: X.Org Video Driver, version 24.1
[    82.380] (II) modesetting: Driver for Modesetting Kernel Drivers: kms
[    82.380] (II) VESA: driver for VESA chipsets: vesa
[    82.380] xf86EnableIOPorts: failed to set IOPL for I/O (Operation not permitted)
[    82.380] (II) modeset(0): using drv /dev/dri/card0
[    82.380] (WW) VGA arbiter: cannot open kernel arbiter, no multi-card support
[    82.380] (II) modeset(0): Creating default Display subsection in Screen section
	"Default Screen Section" for depth/fbbpp 24/32
[    82.380] (==) modeset(0): Depth 24, (==) framebuffer bpp 32
[    82.380] (==) modeset(0): RGB weight 888
[    82.380] (==) modeset(0): Default visual is TrueColor
[    82.380] (II) Loading sub module "glamoregl"
[    82.380] (II) LoadModule: "glamoregl"
[    82.380] (II) Loading /usr/lib/xorg/modules/libglamoregl.so
[    82.383] (II) Module glamoregl: vendor="X.Org Foundation"
[    82.383] 	compiled for 1.20.9, module version = 1.0.1
[    82.383] 	ABI class: X.Org ANSI C Emulation, version 0.4
[    82.481] (II) modeset(0): glamor X acceleration enabled on AMD PITCAIRN (DRM 2.50.0, 5.9.1-arch1-1, LLVM 10.0.1)
[    82.481] (II) modeset(0): glamor initialized
[    82.508] (II) modeset(0): Output DP-1 has no monitor section
[    82.535] (II) modeset(0): Output DP-2 has no monitor section
[    82.599] (II) modeset(0): Output HDMI-1 has no monitor section
[    82.613] (II) modeset(0): Output DVI-I-1 has no monitor section
[    82.647] (II) modeset(0): Output DVI-D-1 has no monitor section
[    82.675] (II) modeset(0): EDID for output DP-1
[    82.702] (II) modeset(0): EDID for output DP-2
[    82.766] (II) modeset(0): EDID for output HDMI-1
[    82.766] (II) modeset(0): Manufacturer: SAM  Model: bc8  Serial#: 0
[    82.766] (II) modeset(0): Year: 2014  Week: 13
[    82.766] (II) modeset(0): EDID Version: 1.3
[    82.766] (II) modeset(0): Digital Display Input
[    82.766] (II) modeset(0): Max Image Size [cm]: horiz.: 60  vert.: 34
[    82.766] (II) modeset(0): Gamma: 2.20
[    82.766] (II) modeset(0): DPMS capabilities: Off
[    82.766] (II) modeset(0): Supported color encodings: RGB 4:4:4 YCrCb 4:4:4 
[    82.766] (II) modeset(0): First detailed timing is preferred mode
[    82.766] (II) modeset(0): redX: 0.661 redY: 0.333   greenX: 0.301 greenY: 0.630
[    82.766] (II) modeset(0): blueX: 0.147 blueY: 0.053   whiteX: 0.312 whiteY: 0.329
[    82.766] (II) modeset(0): Supported established timings:
[    82.766] (II) modeset(0): 720x400@70Hz
[    82.766] (II) modeset(0): 640x480@60Hz
[    82.766] (II) modeset(0): 640x480@67Hz
[    82.766] (II) modeset(0): 640x480@72Hz
[    82.766] (II) modeset(0): 640x480@75Hz
[    82.766] (II) modeset(0): 800x600@56Hz
[    82.766] (II) modeset(0): 800x600@60Hz
[    82.766] (II) modeset(0): 800x600@72Hz
[    82.766] (II) modeset(0): 800x600@75Hz
[    82.766] (II) modeset(0): 832x624@75Hz
[    82.766] (II) modeset(0): 1024x768@60Hz
[    82.766] (II) modeset(0): 1024x768@70Hz
[    82.766] (II) modeset(0): 1024x768@75Hz
[    82.766] (II) modeset(0): 1280x1024@75Hz
[    82.766] (II) modeset(0): 1152x864@75Hz
[    82.766] (II) modeset(0): Manufacturer's mask: 0
[    82.766] (II) modeset(0): Supported standard timings:
[    82.766] (II) modeset(0): #0: hsize: 1152  vsize 864  refresh: 75  vid: 20337
[    82.766] (II) modeset(0): #1: hsize: 1280  vsize 800  refresh: 60  vid: 129
[    82.766] (II) modeset(0): #2: hsize: 1280  vsize 720  refresh: 60  vid: 49281
[    82.766] (II) modeset(0): #3: hsize: 1280  vsize 1024  refresh: 60  vid: 32897
[    82.766] (II) modeset(0): #4: hsize: 1440  vsize 900  refresh: 60  vid: 149
[    82.766] (II) modeset(0): #5: hsize: 1600  vsize 900  refresh: 60  vid: 49321
[    82.766] (II) modeset(0): #6: hsize: 1680  vsize 1050  refresh: 60  vid: 179
[    82.766] (II) modeset(0): Supported detailed timing:
[    82.766] (II) modeset(0): clock: 241.5 MHz   Image Size:  598 x 336 mm
[    82.766] (II) modeset(0): h_active: 2560  h_sync: 2608  h_sync_end 2640 h_blank_end 2720 h_border: 0
[    82.766] (II) modeset(0): v_active: 1440  v_sync: 1443  v_sync_end 1448 v_blanking: 1481 v_border: 0
[    82.766] (II) modeset(0): Supported detailed timing:
[    82.766] (II) modeset(0): clock: 148.5 MHz   Image Size:  598 x 336 mm
[    82.766] (II) modeset(0): h_active: 1920  h_sync: 2008  h_sync_end 2052 h_blank_end 2200 h_border: 0
[    82.766] (II) modeset(0): v_active: 1080  v_sync: 1084  v_sync_end 1089 v_blanking: 1125 v_border: 0
[    82.766] (II) modeset(0): Ranges: V min: 24 V max: 75 Hz, H min: 27 H max: 90 kHz, PixClock max 255 MHz
[    82.766] (II) modeset(0): Monitor name: S27D850
[    82.766] (II) modeset(0): Supported detailed timing:
[    82.766] (II) modeset(0): clock: 148.5 MHz   Image Size:  598 x 336 mm
[    82.766] (II) modeset(0): h_active: 1920  h_sync: 2008  h_sync_end 2052 h_blank_end 2200 h_border: 0
[    82.766] (II) modeset(0): v_active: 1080  v_sync: 1084  v_sync_end 1089 v_blanking: 1125 v_border: 0
[    82.766] (II) modeset(0): Supported detailed timing:
[    82.766] (II) modeset(0): clock: 148.5 MHz   Image Size:  598 x 336 mm
[    82.766] (II) modeset(0): h_active: 1920  h_sync: 2448  h_sync_end 2492 h_blank_end 2640 h_border: 0
[    82.766] (II) modeset(0): v_active: 1080  v_sync: 1084  v_sync_end 1089 v_blanking: 1125 v_border: 0
[    82.766] (II) modeset(0): Supported detailed timing:
[    82.766] (II) modeset(0): clock: 74.2 MHz   Image Size:  598 x 336 mm
[    82.766] (II) modeset(0): h_active: 1280  h_sync: 1390  h_sync_end 1430 h_blank_end 1650 h_border: 0
[    82.766] (II) modeset(0): v_active: 720  v_sync: 725  v_sync_end 730 v_blanking: 750 v_border: 0
[    82.766] (II) modeset(0): Supported detailed timing:
[    82.766] (II) modeset(0): clock: 74.2 MHz   Image Size:  598 x 336 mm
[    82.766] (II) modeset(0): h_active: 1280  h_sync: 1720  h_sync_end 1760 h_blank_end 1980 h_border: 0
[    82.766] (II) modeset(0): v_active: 720  v_sync: 725  v_sync_end 730 v_blanking: 750 v_border: 0
[    82.766] (II) modeset(0): Number of EDID sections to follow: 1
[    82.766] (II) modeset(0): EDID (in hex):
[    82.766] (II) modeset(0): 	00ffffffffffff004c2dc80b00000000
[    82.766] (II) modeset(0): 	0d180103803c22782a51e1a9554da125
[    82.766] (II) modeset(0): 	0d5054bfef80714f810081c081809500
[    82.766] (II) modeset(0): 	a9c0b3000101565e00a0a0a029503020
[    82.766] (II) modeset(0): 	350056502100001a023a801871382d40
[    82.766] (II) modeset(0): 	582c450056502100001e000000fd0018
[    82.766] (II) modeset(0): 	4b1b5a19000a202020202020000000fc
[    82.766] (II) modeset(0): 	00533237443835300a202020202001b2
[    82.766] (II) modeset(0): 	02031cf14890041f1303122022230907
[    82.766] (II) modeset(0): 	078301000066030c00100080023a8018
[    82.766] (II) modeset(0): 	71382d40582c450056502100001e023a
[    82.766] (II) modeset(0): 	80d072382d40102c458056502100001e
[    82.766] (II) modeset(0): 	011d007251d01e206e28550056502100
[    82.766] (II) modeset(0): 	001e011d00bc52d01e20b82855405650
[    82.766] (II) modeset(0): 	2100001e000000000000000000000000
[    82.766] (II) modeset(0): 	00000000000000000000000000000052
[    82.766] (II) modeset(0): Not using default mode "1792x1344" (bad mode clock/interlace/doublescan)
[    82.766] (II) modeset(0): Not using default mode "1856x1392" (bad mode clock/interlace/doublescan)
[    82.766] (II) modeset(0): Not using default mode "1920x1440" (bad mode clock/interlace/doublescan)
[    82.766] (II) modeset(0): Not using default mode "1920x1080" (bad mode clock/interlace/doublescan)
[    82.766] (II) modeset(0): Not using default mode "1920x1080" (bad mode clock/interlace/doublescan)
[    82.766] (II) modeset(0): Not using default mode "2048x1152" (bad mode clock/interlace/doublescan)
[    82.766] (II) modeset(0): Not using default mode "2048x1152" (bad mode clock/interlace/doublescan)
[    82.766] (II) modeset(0): Printing probed modes for output HDMI-1
[    82.766] (II) modeset(0): Modeline "2560x1440"x60.0  241.50  2560 2608 2640 2720  1440 1443 1448 1481 +hsync -vsync (88.8 kHz eP)
[    82.766] (II) modeset(0): Modeline "1920x1440"x60.0  234.00  1920 2048 2256 2600  1440 1441 1444 1500 -hsync +vsync (90.0 kHz d)
[    82.766] (II) modeset(0): Modeline "1856x1392"x60.0  218.30  1856 1952 2176 2528  1392 1393 1396 1439 -hsync +vsync (86.4 kHz d)
[    82.766] (II) modeset(0): Modeline "1792x1344"x60.0  204.80  1792 1920 2120 2448  1344 1345 1348 1394 -hsync +vsync (83.7 kHz d)
[    82.766] (II) modeset(0): Modeline "2048x1152"x59.9  197.00  2048 2184 2400 2752  1152 1155 1160 1195 -hsync +vsync (71.6 kHz d)
[    82.766] (II) modeset(0): Modeline "2048x1152"x59.9  156.75  2048 2096 2128 2208  1152 1155 1160 1185 +hsync -vsync (71.0 kHz d)
[    82.766] (II) modeset(0): Modeline "1920x1200"x59.9  193.25  1920 2056 2256 2592  1200 1203 1209 1245 -hsync +vsync (74.6 kHz d)
[    82.766] (II) modeset(0): Modeline "1920x1200"x60.0  154.00  1920 1968 2000 2080  1200 1203 1209 1235 +hsync -vsync (74.0 kHz d)
[    82.766] (II) modeset(0): Modeline "1920x1080"x60.0  173.00  1920 2048 2248 2576  1080 1083 1088 1120 -hsync +vsync (67.2 kHz d)
[    82.766] (II) modeset(0): Modeline "1920x1080"x60.0  148.50  1920 2008 2052 2200  1080 1084 1089 1125 +hsync +vsync (67.5 kHz e)
[    82.766] (II) modeset(0): Modeline "1920x1080"x50.0  148.50  1920 2448 2492 2640  1080 1084 1089 1125 +hsync +vsync (56.2 kHz e)
[    82.766] (II) modeset(0): Modeline "1920x1080"x59.9  148.35  1920 2008 2052 2200  1080 1084 1089 1125 +hsync +vsync (67.4 kHz e)
[    82.766] (II) modeset(0): Modeline "1920x1080"x59.9  138.50  1920 1968 2000 2080  1080 1083 1088 1111 +hsync -vsync (66.6 kHz d)
[    82.766] (II) modeset(0): Modeline "1920x1080"x30.0   74.25  1920 2008 2052 2200  1080 1084 1089 1125 +hsync +vsync (33.8 kHz e)
[    82.766] (II) modeset(0): Modeline "1920x1080"x24.0   74.25  1920 2558 2602 2750  1080 1084 1089 1125 +hsync +vsync (27.0 kHz e)
[    82.766] (II) modeset(0): Modeline "1920x1080"x30.0   74.18  1920 2008 2052 2200  1080 1084 1089 1125 +hsync +vsync (33.7 kHz e)
[    82.766] (II) modeset(0): Modeline "1920x1080"x24.0   74.18  1920 2558 2602 2750  1080 1084 1089 1125 +hsync +vsync (27.0 kHz e)
[    82.766] (II) modeset(0): Modeline "1600x1200"x75.0  202.50  1600 1664 1856 2160  1200 1201 1204 1250 +hsync +vsync (93.8 kHz d)
[    82.766] (II) modeset(0): Modeline "1600x1200"x70.0  189.00  1600 1664 1856 2160  1200 1201 1204 1250 +hsync +vsync (87.5 kHz d)
[    82.766] (II) modeset(0): Modeline "1600x1200"x65.0  175.50  1600 1664 1856 2160  1200 1201 1204 1250 +hsync +vsync (81.2 kHz d)
[    82.766] (II) modeset(0): Modeline "1600x1200"x60.0  162.00  1600 1664 1856 2160  1200 1201 1204 1250 +hsync +vsync (75.0 kHz d)
[    82.766] (II) modeset(0): Modeline "1680x1050"x60.0  146.25  1680 1784 1960 2240  1050 1053 1059 1089 -hsync +vsync (65.3 kHz d)
[    82.766] (II) modeset(0): Modeline "1680x1050"x59.9  119.00  1680 1728 1760 1840  1050 1053 1059 1080 +hsync -vsync (64.7 kHz e)
[    82.766] (II) modeset(0): Modeline "1400x1050"x74.8  155.80  1400 1464 1784 1912  1050 1052 1064 1090 +hsync +vsync (81.5 kHz d)
[    82.766] (II) modeset(0): Modeline "1400x1050"x60.0  122.00  1400 1488 1640 1880  1050 1052 1064 1082 +hsync +vsync (64.9 kHz d)
[    82.766] (II) modeset(0): Modeline "1600x900"x60.0  246.00  1600 1728 1900 2200  900 901 904 932 doublescan -hsync +vsync (111.8 kHz d)
[    82.766] (II) modeset(0): Modeline "1600x900"x59.9  186.50  1600 1624 1640 1680  900 901 904 926 doublescan +hsync -vsync (111.0 kHz d)
[    82.766] (II) modeset(0): Modeline "1600x900"x59.9  118.25  1600 1696 1856 2112  900 903 908 934 -hsync +vsync (56.0 kHz d)
[    82.766] (II) modeset(0): Modeline "1600x900"x60.0  108.00  1600 1624 1704 1800  900 901 904 1000 +hsync +vsync (60.0 kHz e)
[    82.766] (II) modeset(0): Modeline "1600x900"x59.8   97.50  1600 1648 1680 1760  900 903 908 926 +hsync -vsync (55.4 kHz d)
[    82.766] (II) modeset(0): Modeline "1280x1024"x75.0  135.00  1280 1296 1440 1688  1024 1025 1028 1066 +hsync +vsync (80.0 kHz e)
[    82.766] (II) modeset(0): Modeline "1280x1024"x60.0  108.00  1280 1328 1440 1688  1024 1025 1028 1066 +hsync +vsync (64.0 kHz e)
[    82.766] (II) modeset(0): Modeline "1440x900"x59.9   88.75  1440 1488 1520 1600  900 903 909 926 +hsync -vsync (55.5 kHz e)
[    82.766] (II) modeset(0): Modeline "1400x900"x60.0  103.50  1400 1480 1624 1848  900 903 913 934 -hsync +vsync (56.0 kHz d)
[    82.766] (II) modeset(0): Modeline "1400x900"x59.9   86.50  1400 1448 1480 1560  900 903 913 926 +hsync -vsync (55.4 kHz d)
[    82.766] (II) modeset(0): Modeline "1280x960"x60.0  108.00  1280 1376 1488 1800  960 961 964 1000 +hsync +vsync (60.0 kHz d)
[    82.766] (II) modeset(0): Modeline "1440x810"x60.0  198.12  1440 1548 1704 1968  810 811 814 839 doublescan -hsync +vsync (100.7 kHz d)
[    82.766] (II) modeset(0): Modeline "1440x810"x60.0  151.88  1440 1464 1480 1520  810 811 814 833 doublescan +hsync -vsync (99.9 kHz d)
[    82.766] (II) modeset(0): Modeline "1368x768"x59.9   85.25  1368 1440 1576 1784  768 771 781 798 -hsync +vsync (47.8 kHz d)
[    82.766] (II) modeset(0): Modeline "1368x768"x59.9   72.25  1368 1416 1448 1528  768 771 781 790 +hsync -vsync (47.3 kHz d)
[    82.766] (II) modeset(0): Modeline "1280x800"x60.0  174.25  1280 1380 1516 1752  800 801 804 829 doublescan -hsync +vsync (99.5 kHz d)
[    82.766] (II) modeset(0): Modeline "1280x800"x60.0  134.25  1280 1304 1320 1360  800 801 804 823 doublescan +hsync -vsync (98.7 kHz d)
[    82.766] (II) modeset(0): Modeline "1280x800"x59.8   83.50  1280 1352 1480 1680  800 803 809 831 -hsync +vsync (49.7 kHz d)
[    82.766] (II) modeset(0): Modeline "1280x800"x59.9   71.00  1280 1328 1360 1440  800 803 809 823 +hsync -vsync (49.3 kHz e)
[    82.766] (II) modeset(0): Modeline "1152x864"x75.0  108.00  1152 1216 1344 1600  864 865 868 900 +hsync +vsync (67.5 kHz e)
[    82.766] (II) modeset(0): Modeline "1280x720"x60.0  156.12  1280 1376 1512 1744  720 721 724 746 doublescan -hsync +vsync (89.5 kHz d)
[    82.766] (II) modeset(0): Modeline "1280x720"x60.0  120.75  1280 1304 1320 1360  720 721 724 740 doublescan +hsync -vsync (88.8 kHz d)
[    82.766] (II) modeset(0): Modeline "1280x720"x59.9   74.50  1280 1344 1472 1664  720 723 728 748 -hsync +vsync (44.8 kHz d)
[    82.766] (II) modeset(0): Modeline "1280x720"x60.0   74.25  1280 1390 1430 1650  720 725 730 750 +hsync +vsync (45.0 kHz e)
[    82.766] (II) modeset(0): Modeline "1280x720"x50.0   74.25  1280 1720 1760 1980  720 725 730 750 +hsync +vsync (37.5 kHz e)
[    82.766] (II) modeset(0): Modeline "1280x720"x59.9   74.18  1280 1390 1430 1650  720 725 730 750 +hsync +vsync (45.0 kHz e)
[    82.766] (II) modeset(0): Modeline "1280x720"x59.7   63.75  1280 1328 1360 1440  720 723 728 741 +hsync -vsync (44.3 kHz d)
[    82.766] (II) modeset(0): Modeline "1024x768"x75.0  170.24  1024 1108 1220 1416  768 768 770 801 doublescan -hsync +vsync (120.2 kHz d)
[    82.766] (II) modeset(0): Modeline "1024x768"x60.0  133.47  1024 1100 1212 1400  768 768 770 794 doublescan -hsync +vsync (95.3 kHz d)
[    82.766] (II) modeset(0): Modeline "1024x768"x75.0   78.75  1024 1040 1136 1312  768 769 772 800 +hsync +vsync (60.0 kHz e)
[    82.766] (II) modeset(0): Modeline "1024x768"x70.1   75.00  1024 1048 1184 1328  768 771 777 806 -hsync -vsync (56.5 kHz e)
[    82.766] (II) modeset(0): Modeline "1024x768"x60.0   65.00  1024 1048 1184 1344  768 771 777 806 -hsync -vsync (48.4 kHz e)
[    82.766] (II) modeset(0): Modeline "960x720"x75.0  148.50  960 1032 1144 1320  720 720 722 750 doublescan -hsync +vsync (112.5 kHz d)
[    82.766] (II) modeset(0): Modeline "960x720"x60.0  117.00  960 1024 1128 1300  720 720 722 750 doublescan -hsync +vsync (90.0 kHz d)
[    82.766] (II) modeset(0): Modeline "928x696"x75.0  144.00  928 992 1104 1280  696 696 698 750 doublescan -hsync +vsync (112.5 kHz d)
[    82.766] (II) modeset(0): Modeline "928x696"x60.1  109.15  928 976 1088 1264  696 696 698 719 doublescan -hsync +vsync (86.4 kHz d)
[    82.766] (II) modeset(0): Modeline "896x672"x75.0  130.50  896 944 1052 1228  672 672 674 708 doublescan -hsync +vsync (106.3 kHz d)
[    82.766] (II) modeset(0): Modeline "896x672"x60.0  102.40  896 960 1060 1224  672 672 674 697 doublescan -hsync +vsync (83.7 kHz d)
[    82.766] (II) modeset(0): Modeline "1024x576"x60.0   98.50  1024 1092 1200 1376  576 577 580 597 doublescan -hsync +vsync (71.6 kHz d)
[    82.766] (II) modeset(0): Modeline "1024x576"x60.0   78.38  1024 1048 1064 1104  576 577 580 592 doublescan +hsync -vsync (71.0 kHz d)
[    82.766] (II) modeset(0): Modeline "1024x576"x59.9   46.50  1024 1064 1160 1296  576 579 584 599 -hsync +vsync (35.9 kHz d)
[    82.766] (II) modeset(0): Modeline "1024x576"x59.8   42.00  1024 1072 1104 1184  576 579 584 593 +hsync -vsync (35.5 kHz d)
[    82.766] (II) modeset(0): Modeline "960x600"x59.9   96.62  960 1028 1128 1296  600 601 604 622 doublescan -hsync +vsync (74.6 kHz d)
[    82.766] (II) modeset(0): Modeline "960x600"x60.0   77.00  960 984 1000 1040  600 601 604 617 doublescan +hsync -vsync (74.0 kHz d)
[    82.766] (II) modeset(0): Modeline "832x624"x74.6   57.28  832 864 928 1152  624 625 628 667 -hsync -vsync (49.7 kHz e)
[    82.766] (II) modeset(0): Modeline "960x540"x60.0   86.50  960 1024 1124 1288  540 541 544 560 doublescan -hsync +vsync (67.2 kHz d)
[    82.766] (II) modeset(0): Modeline "960x540"x60.0   69.25  960 984 1000 1040  540 541 544 555 doublescan +hsync -vsync (66.6 kHz d)
[    82.766] (II) modeset(0): Modeline "960x540"x59.6   40.75  960 992 1088 1216  540 543 548 562 -hsync +vsync (33.5 kHz d)
[    82.766] (II) modeset(0): Modeline "960x540"x59.8   37.25  960 1008 1040 1120  540 543 548 556 +hsync -vsync (33.3 kHz d)
[    82.766] (II) modeset(0): Modeline "800x600"x75.0  101.25  800 832 928 1080  600 600 602 625 doublescan +hsync +vsync (93.8 kHz d)
[    82.766] (II) modeset(0): Modeline "800x600"x70.0   94.50  800 832 928 1080  600 600 602 625 doublescan +hsync +vsync (87.5 kHz d)
[    82.766] (II) modeset(0): Modeline "800x600"x65.0   87.75  800 832 928 1080  600 600 602 625 doublescan +hsync +vsync (81.2 kHz d)
[    82.766] (II) modeset(0): Modeline "800x600"x60.0   81.00  800 832 928 1080  600 600 602 625 doublescan +hsync +vsync (75.0 kHz d)
[    82.766] (II) modeset(0): Modeline "800x600"x72.2   50.00  800 856 976 1040  600 637 643 666 +hsync +vsync (48.1 kHz e)
[    82.766] (II) modeset(0): Modeline "800x600"x75.0   49.50  800 816 896 1056  600 601 604 625 +hsync +vsync (46.9 kHz e)
[    82.766] (II) modeset(0): Modeline "800x600"x60.3   40.00  800 840 968 1056  600 601 605 628 +hsync +vsync (37.9 kHz e)
[    82.766] (II) modeset(0): Modeline "800x600"x56.2   36.00  800 824 896 1024  600 601 603 625 +hsync +vsync (35.2 kHz e)
[    82.766] (II) modeset(0): Modeline "840x525"x60.0   73.12  840 892 980 1120  525 526 529 544 doublescan -hsync +vsync (65.3 kHz d)
[    82.766] (II) modeset(0): Modeline "840x525"x59.9   59.50  840 864 880 920  525 526 529 540 doublescan +hsync -vsync (64.7 kHz d)
[    82.766] (II) modeset(0): Modeline "864x486"x59.9   32.50  864 888 968 1072  486 489 494 506 -hsync +vsync (30.3 kHz d)
[    82.766] (II) modeset(0): Modeline "864x486"x59.6   30.50  864 912 944 1024  486 489 494 500 +hsync -vsync (29.8 kHz d)
[    82.766] (II) modeset(0): Modeline "720x576"x50.0   27.00  720 732 796 864  576 581 586 625 -hsync -vsync (31.2 kHz e)
[    82.766] (II) modeset(0): Modeline "700x525"x74.8   77.90  700 732 892 956  525 526 532 545 doublescan +hsync +vsync (81.5 kHz d)
[    82.766] (II) modeset(0): Modeline "700x525"x60.0   61.00  700 744 820 940  525 526 532 541 doublescan +hsync +vsync (64.9 kHz d)
[    82.766] (II) modeset(0): Modeline "800x450"x59.9   59.12  800 848 928 1056  450 451 454 467 doublescan -hsync +vsync (56.0 kHz d)
[    82.766] (II) modeset(0): Modeline "800x450"x59.8   48.75  800 824 840 880  450 451 454 463 doublescan +hsync -vsync (55.4 kHz d)
[    82.766] (II) modeset(0): Modeline "720x480"x60.0   27.03  720 736 798 858  480 489 495 525 -hsync -vsync (31.5 kHz e)
[    82.766] (II) modeset(0): Modeline "720x480"x59.9   27.00  720 736 798 858  480 489 495 525 -hsync -vsync (31.5 kHz e)
[    82.766] (II) modeset(0): Modeline "640x512"x75.0   67.50  640 648 720 844  512 512 514 533 doublescan +hsync +vsync (80.0 kHz d)
[    82.766] (II) modeset(0): Modeline "640x512"x60.0   54.00  640 664 720 844  512 512 514 533 doublescan +hsync +vsync (64.0 kHz d)
[    82.766] (II) modeset(0): Modeline "700x450"x60.0   51.75  700 740 812 924  450 451 456 467 doublescan -hsync +vsync (56.0 kHz d)
[    82.766] (II) modeset(0): Modeline "700x450"x59.9   43.25  700 724 740 780  450 451 456 463 doublescan +hsync -vsync (55.4 kHz d)
[    82.766] (II) modeset(0): Modeline "640x480"x60.0   54.00  640 688 744 900  480 480 482 500 doublescan +hsync +vsync (60.0 kHz d)
[    82.766] (II) modeset(0): Modeline "640x480"x75.0   31.50  640 656 720 840  480 481 484 500 -hsync -vsync (37.5 kHz e)
[    82.766] (II) modeset(0): Modeline "640x480"x72.8   31.50  640 664 704 832  480 489 492 520 -hsync -vsync (37.9 kHz e)
[    82.766] (II) modeset(0): Modeline "640x480"x75.0   31.50  640 656 720 840  480 481 484 500 -hsync -vsync (37.5 kHz d)
[    82.766] (II) modeset(0): Modeline "640x480"x66.7   30.24  640 704 768 864  480 483 486 525 -hsync -vsync (35.0 kHz e)
[    82.766] (II) modeset(0): Modeline "640x480"x60.0   25.20  640 656 752 800  480 490 492 525 -hsync -vsync (31.5 kHz e)
[    82.766] (II) modeset(0): Modeline "640x480"x59.9   25.18  640 656 752 800  480 490 492 525 -hsync -vsync (31.5 kHz e)
[    82.766] (II) modeset(0): Modeline "720x405"x59.5   22.50  720 744 808 896  405 408 413 422 -hsync +vsync (25.1 kHz d)
[    82.766] (II) modeset(0): Modeline "720x405"x59.0   21.75  720 768 800 880  405 408 413 419 +hsync -vsync (24.7 kHz d)
[    82.766] (II) modeset(0): Modeline "720x400"x70.1   28.32  720 738 846 900  400 412 414 449 -hsync +vsync (31.5 kHz e)
[    82.766] (II) modeset(0): Modeline "684x384"x59.9   42.62  684 720 788 892  384 385 390 399 doublescan -hsync +vsync (47.8 kHz d)
[    82.766] (II) modeset(0): Modeline "684x384"x59.9   36.12  684 708 724 764  384 385 390 395 doublescan +hsync -vsync (47.3 kHz d)
[    82.766] (II) modeset(0): Modeline "640x400"x59.9   41.75  640 676 740 840  400 401 404 415 doublescan -hsync +vsync (49.7 kHz d)
[    82.766] (II) modeset(0): Modeline "640x400"x60.0   35.50  640 664 680 720  400 401 404 411 doublescan +hsync -vsync (49.3 kHz d)
[    82.766] (II) modeset(0): Modeline "576x432"x75.0   54.00  576 608 672 800  432 432 434 450 doublescan +hsync +vsync (67.5 kHz d)
[    82.766] (II) modeset(0): Modeline "640x360"x59.9   37.25  640 672 736 832  360 361 364 374 doublescan -hsync +vsync (44.8 kHz d)
[    82.766] (II) modeset(0): Modeline "640x360"x59.8   31.88  640 664 680 720  360 361 364 370 doublescan +hsync -vsync (44.3 kHz d)
[    82.766] (II) modeset(0): Modeline "640x360"x59.8   18.00  640 664 720 800  360 363 368 376 -hsync +vsync (22.5 kHz d)
[    82.766] (II) modeset(0): Modeline "640x360"x59.3   17.75  640 688 720 800  360 363 368 374 +hsync -vsync (22.2 kHz d)
[    82.766] (II) modeset(0): Modeline "512x384"x75.0   39.38  512 520 568 656  384 384 386 400 doublescan +hsync +vsync (60.0 kHz d)
[    82.766] (II) modeset(0): Modeline "512x384"x70.1   37.50  512 524 592 664  384 385 388 403 doublescan -hsync -vsync (56.5 kHz d)
[    82.766] (II) modeset(0): Modeline "512x384"x60.0   32.50  512 524 592 672  384 385 388 403 doublescan -hsync -vsync (48.4 kHz d)
[    82.766] (II) modeset(0): Modeline "512x288"x60.0   23.25  512 532 580 648  288 289 292 299 doublescan -hsync +vsync (35.9 kHz d)
[    82.766] (II) modeset(0): Modeline "512x288"x59.9   21.00  512 536 552 592  288 289 292 296 doublescan +hsync -vsync (35.5 kHz d)
[    82.766] (II) modeset(0): Modeline "416x312"x74.7   28.64  416 432 464 576  312 312 314 333 doublescan -hsync -vsync (49.7 kHz d)
[    82.766] (II) modeset(0): Modeline "480x270"x59.6   20.38  480 496 544 608  270 271 274 281 doublescan -hsync +vsync (33.5 kHz d)
[    82.766] (II) modeset(0): Modeline "480x270"x59.8   18.62  480 504 520 560  270 271 274 278 doublescan +hsync -vsync (33.3 kHz d)
[    82.766] (II) modeset(0): Modeline "400x300"x72.2   25.00  400 428 488 520  300 318 321 333 doublescan +hsync +vsync (48.1 kHz d)
[    82.766] (II) modeset(0): Modeline "400x300"x75.1   24.75  400 408 448 528  300 300 302 312 doublescan +hsync +vsync (46.9 kHz d)
[    82.766] (II) modeset(0): Modeline "400x300"x60.3   20.00  400 420 484 528  300 300 302 314 doublescan +hsync +vsync (37.9 kHz d)
[    82.766] (II) modeset(0): Modeline "400x300"x56.3   18.00  400 412 448 512  300 300 301 312 doublescan +hsync +vsync (35.2 kHz d)
[    82.766] (II) modeset(0): Modeline "432x243"x59.9   16.25  432 444 484 536  243 244 247 253 doublescan -hsync +vsync (30.3 kHz d)
[    82.766] (II) modeset(0): Modeline "432x243"x59.6   15.25  432 456 472 512  243 244 247 250 doublescan +hsync -vsync (29.8 kHz d)
[    82.766] (II) modeset(0): Modeline "320x240"x72.8   15.75  320 332 352 416  240 244 246 260 doublescan -hsync -vsync (37.9 kHz d)
[    82.766] (II) modeset(0): Modeline "320x240"x75.0   15.75  320 328 360 420  240 240 242 250 doublescan -hsync -vsync (37.5 kHz d)
[    82.766] (II) modeset(0): Modeline "320x240"x60.1   12.59  320 328 376 400  240 245 246 262 doublescan -hsync -vsync (31.5 kHz d)
[    82.766] (II) modeset(0): Modeline "360x202"x59.5   11.25  360 372 404 448  202 204 206 211 doublescan -hsync +vsync (25.1 kHz d)
[    82.766] (II) modeset(0): Modeline "360x202"x59.1   10.88  360 384 400 440  202 204 206 209 doublescan +hsync -vsync (24.7 kHz d)
[    82.766] (II) modeset(0): Modeline "320x180"x59.8    9.00  320 332 360 400  180 181 184 188 doublescan -hsync +vsync (22.5 kHz d)
[    82.766] (II) modeset(0): Modeline "320x180"x59.3    8.88  320 344 360 400  180 181 184 187 doublescan +hsync -vsync (22.2 kHz d)
[    82.780] (II) modeset(0): EDID for output DVI-I-1
[    82.814] (II) modeset(0): EDID for output DVI-D-1
[    82.814] (II) modeset(0): Manufacturer: GSM  Model: 5839  Serial#: 160575
[    82.814] (II) modeset(0): Year: 2013  Week: 9
[    82.814] (II) modeset(0): EDID Version: 1.3
[    82.814] (II) modeset(0): Digital Display Input
[    82.814] (II) modeset(0): Max Image Size [cm]: horiz.: 48  vert.: 27
[    82.814] (II) modeset(0): Gamma: 2.20
[    82.814] (II) modeset(0): DPMS capabilities: StandBy Suspend Off
[    82.814] (II) modeset(0): Supported color encodings: RGB 4:4:4 YCrCb 4:4:4 
[    82.814] (II) modeset(0): First detailed timing is preferred mode
[    82.814] (II) modeset(0): redX: 0.637 redY: 0.331   greenX: 0.316 greenY: 0.620
[    82.814] (II) modeset(0): blueX: 0.152 blueY: 0.069   whiteX: 0.312 whiteY: 0.329
[    82.814] (II) modeset(0): Supported established timings:
[    82.814] (II) modeset(0): 720x400@70Hz
[    82.814] (II) modeset(0): 640x480@60Hz
[    82.814] (II) modeset(0): 640x480@75Hz
[    82.814] (II) modeset(0): 800x600@60Hz
[    82.814] (II) modeset(0): 800x600@75Hz
[    82.814] (II) modeset(0): 1024x768@60Hz
[    82.814] (II) modeset(0): 1024x768@75Hz
[    82.814] (II) modeset(0): 1280x1024@75Hz
[    82.814] (II) modeset(0): Manufacturer's mask: 0
[    82.814] (II) modeset(0): Supported standard timings:
[    82.814] (II) modeset(0): #0: hsize: 1152  vsize 864  refresh: 75  vid: 20337
[    82.814] (II) modeset(0): #1: hsize: 1280  vsize 1024  refresh: 60  vid: 32897
[    82.814] (II) modeset(0): #2: hsize: 1280  vsize 1024  refresh: 75  vid: 36737
[    82.814] (II) modeset(0): #3: hsize: 1680  vsize 1050  refresh: 60  vid: 179
[    82.814] (II) modeset(0): Supported detailed timing:
[    82.814] (II) modeset(0): clock: 148.5 MHz   Image Size:  477 x 268 mm
[    82.814] (II) modeset(0): h_active: 1920  h_sync: 2008  h_sync_end 2052 h_blank_end 2200 h_border: 0
[    82.814] (II) modeset(0): v_active: 1080  v_sync: 1084  v_sync_end 1089 v_blanking: 1125 v_border: 0
[    82.814] (II) modeset(0): Ranges: V min: 56 V max: 75 Hz, H min: 30 H max: 83 kHz, PixClock max 155 MHz
[    82.814] (II) modeset(0): Monitor name: E2211
[    82.814] (II) modeset(0): Serial No: 309MXGL4Q575
[    82.814] (II) modeset(0): EDID (in hex):
[    82.814] (II) modeset(0): 	00ffffffffffff001e6d39583f730200
[    82.814] (II) modeset(0): 	0917010380301b78ea3331a354519e27
[    82.814] (II) modeset(0): 	115054a54b00714f8180818fb3000101
[    82.814] (II) modeset(0): 	010101010101023a801871382d40582c
[    82.814] (II) modeset(0): 	4500dd0c1100001e000000fd00384b1e
[    82.814] (II) modeset(0): 	530f000a202020202020000000fc0045
[    82.814] (II) modeset(0): 	323231310a20202020202020000000ff
[    82.814] (II) modeset(0): 	003330394d58474c34513537350a00ba
[    82.814] (II) modeset(0): Not using default mode "1024x768" (bad mode clock/interlace/doublescan)
[    82.814] (II) modeset(0): Not using default mode "1920x1080" (bad mode clock/interlace/doublescan)
[    82.814] (II) modeset(0): Not using default mode "1440x810" (bad mode clock/interlace/doublescan)
[    82.814] (II) modeset(0): Not using default mode "1600x900" (bad mode clock/interlace/doublescan)
[    82.814] (II) modeset(0): Not using default mode "1600x900" (bad mode clock/interlace/doublescan)
[    82.814] (II) modeset(0): Not using default mode "1920x1080" (bad mode clock/interlace/doublescan)
[    82.814] (II) modeset(0): Not using default mode "1280x800" (bad mode clock/interlace/doublescan)
[    82.814] (II) modeset(0): Printing probed modes for output DVI-D-1
[    82.814] (II) modeset(0): Modeline "1920x1080"x60.0  148.50  1920 2008 2052 2200  1080 1084 1089 1125 +hsync +vsync (67.5 kHz eP)
[    82.814] (II) modeset(0): Modeline "1920x1080"x59.9  138.50  1920 1968 2000 2080  1080 1083 1088 1111 +hsync -vsync (66.6 kHz d)
[    82.814] (II) modeset(0): Modeline "1680x1050"x60.0  146.25  1680 1784 1960 2240  1050 1053 1059 1089 -hsync +vsync (65.3 kHz d)
[    82.814] (II) modeset(0): Modeline "1680x1050"x59.9  119.00  1680 1728 1760 1840  1050 1053 1059 1080 +hsync -vsync (64.7 kHz e)
[    82.814] (II) modeset(0): Modeline "1400x1050"x74.8  155.80  1400 1464 1784 1912  1050 1052 1064 1090 +hsync +vsync (81.5 kHz d)
[    82.814] (II) modeset(0): Modeline "1400x1050"x60.0  122.00  1400 1488 1640 1880  1050 1052 1064 1082 +hsync +vsync (64.9 kHz d)
[    82.814] (II) modeset(0): Modeline "1600x900"x59.9  118.25  1600 1696 1856 2112  900 903 908 934 -hsync +vsync (56.0 kHz d)
[    82.814] (II) modeset(0): Modeline "1600x900"x59.8   97.50  1600 1648 1680 1760  900 903 908 926 +hsync -vsync (55.4 kHz d)
[    82.814] (II) modeset(0): Modeline "1280x1024"x75.0  135.00  1280 1296 1440 1688  1024 1025 1028 1066 +hsync +vsync (80.0 kHz e)
[    82.814] (II) modeset(0): Modeline "1280x1024"x60.0  108.00  1280 1328 1440 1688  1024 1025 1028 1066 +hsync +vsync (64.0 kHz e)
[    82.814] (II) modeset(0): Modeline "1400x900"x60.0  103.50  1400 1480 1624 1848  900 903 913 934 -hsync +vsync (56.0 kHz d)
[    82.814] (II) modeset(0): Modeline "1400x900"x59.9   86.50  1400 1448 1480 1560  900 903 913 926 +hsync -vsync (55.4 kHz d)
[    82.814] (II) modeset(0): Modeline "1280x960"x60.0  108.00  1280 1376 1488 1800  960 961 964 1000 +hsync +vsync (60.0 kHz d)
[    82.814] (II) modeset(0): Modeline "1440x810"x60.0  151.88  1440 1464 1480 1520  810 811 814 833 doublescan +hsync -vsync (99.9 kHz d)
[    82.814] (II) modeset(0): Modeline "1368x768"x59.9   85.25  1368 1440 1576 1784  768 771 781 798 -hsync +vsync (47.8 kHz d)
[    82.814] (II) modeset(0): Modeline "1368x768"x59.9   72.25  1368 1416 1448 1528  768 771 781 790 +hsync -vsync (47.3 kHz d)
[    82.814] (II) modeset(0): Modeline "1280x800"x60.0  134.25  1280 1304 1320 1360  800 801 804 823 doublescan +hsync -vsync (98.7 kHz d)
[    82.814] (II) modeset(0): Modeline "1280x800"x59.8   83.50  1280 1352 1480 1680  800 803 809 831 -hsync +vsync (49.7 kHz d)
[    82.814] (II) modeset(0): Modeline "1280x800"x59.9   71.00  1280 1328 1360 1440  800 803 809 823 +hsync -vsync (49.3 kHz d)
[    82.814] (II) modeset(0): Modeline "1152x864"x75.0  108.00  1152 1216 1344 1600  864 865 868 900 +hsync +vsync (67.5 kHz e)
[    82.814] (II) modeset(0): Modeline "1280x720"x60.0  156.12  1280 1376 1512 1744  720 721 724 746 doublescan -hsync +vsync (89.5 kHz d)
[    82.814] (II) modeset(0): Modeline "1280x720"x60.0  120.75  1280 1304 1320 1360  720 721 724 740 doublescan +hsync -vsync (88.8 kHz d)
[    82.814] (II) modeset(0): Modeline "1280x720"x59.9   74.50  1280 1344 1472 1664  720 723 728 748 -hsync +vsync (44.8 kHz d)
[    82.814] (II) modeset(0): Modeline "1280x720"x59.7   63.75  1280 1328 1360 1440  720 723 728 741 +hsync -vsync (44.3 kHz d)
[    82.814] (II) modeset(0): Modeline "1024x768"x60.0  133.47  1024 1100 1212 1400  768 768 770 794 doublescan -hsync +vsync (95.3 kHz d)
[    82.814] (II) modeset(0): Modeline "1024x768"x75.0   78.75  1024 1040 1136 1312  768 769 772 800 +hsync +vsync (60.0 kHz e)
[    82.814] (II) modeset(0): Modeline "1024x768"x70.1   75.00  1024 1048 1184 1328  768 771 777 806 -hsync -vsync (56.5 kHz d)
[    82.814] (II) modeset(0): Modeline "1024x768"x60.0   65.00  1024 1048 1184 1344  768 771 777 806 -hsync -vsync (48.4 kHz e)
[    82.814] (II) modeset(0): Modeline "960x720"x75.0  148.50  960 1032 1144 1320  720 720 722 750 doublescan -hsync +vsync (112.5 kHz d)
[    82.814] (II) modeset(0): Modeline "960x720"x60.0  117.00  960 1024 1128 1300  720 720 722 750 doublescan -hsync +vsync (90.0 kHz d)
[    82.814] (II) modeset(0): Modeline "928x696"x75.0  144.00  928 992 1104 1280  696 696 698 750 doublescan -hsync +vsync (112.5 kHz d)
[    82.814] (II) modeset(0): Modeline "928x696"x60.1  109.15  928 976 1088 1264  696 696 698 719 doublescan -hsync +vsync (86.4 kHz d)
[    82.814] (II) modeset(0): Modeline "896x672"x75.0  130.50  896 944 1052 1228  672 672 674 708 doublescan -hsync +vsync (106.3 kHz d)
[    82.814] (II) modeset(0): Modeline "896x672"x60.0  102.40  896 960 1060 1224  672 672 674 697 doublescan -hsync +vsync (83.7 kHz d)
[    82.814] (II) modeset(0): Modeline "1024x576"x60.0   98.50  1024 1092 1200 1376  576 577 580 597 doublescan -hsync +vsync (71.6 kHz d)
[    82.814] (II) modeset(0): Modeline "1024x576"x60.0   78.38  1024 1048 1064 1104  576 577 580 592 doublescan +hsync -vsync (71.0 kHz d)
[    82.814] (II) modeset(0): Modeline "1024x576"x59.9   46.50  1024 1064 1160 1296  576 579 584 599 -hsync +vsync (35.9 kHz d)
[    82.814] (II) modeset(0): Modeline "1024x576"x59.8   42.00  1024 1072 1104 1184  576 579 584 593 +hsync -vsync (35.5 kHz d)
[    82.814] (II) modeset(0): Modeline "960x600"x59.9   96.62  960 1028 1128 1296  600 601 604 622 doublescan -hsync +vsync (74.6 kHz d)
[    82.814] (II) modeset(0): Modeline "960x600"x60.0   77.00  960 984 1000 1040  600 601 604 617 doublescan +hsync -vsync (74.0 kHz d)
[    82.814] (II) modeset(0): Modeline "832x624"x74.6   57.28  832 864 928 1152  624 625 628 667 -hsync -vsync (49.7 kHz d)
[    82.814] (II) modeset(0): Modeline "960x540"x60.0   86.50  960 1024 1124 1288  540 541 544 560 doublescan -hsync +vsync (67.2 kHz d)
[    82.814] (II) modeset(0): Modeline "960x540"x60.0   69.25  960 984 1000 1040  540 541 544 555 doublescan +hsync -vsync (66.6 kHz d)
[    82.814] (II) modeset(0): Modeline "960x540"x59.6   40.75  960 992 1088 1216  540 543 548 562 -hsync +vsync (33.5 kHz d)
[    82.814] (II) modeset(0): Modeline "960x540"x59.8   37.25  960 1008 1040 1120  540 543 548 556 +hsync -vsync (33.3 kHz d)
[    82.814] (II) modeset(0): Modeline "800x600"x75.0  101.25  800 832 928 1080  600 600 602 625 doublescan +hsync +vsync (93.8 kHz d)
[    82.814] (II) modeset(0): Modeline "800x600"x70.0   94.50  800 832 928 1080  600 600 602 625 doublescan +hsync +vsync (87.5 kHz d)
[    82.814] (II) modeset(0): Modeline "800x600"x65.0   87.75  800 832 928 1080  600 600 602 625 doublescan +hsync +vsync (81.2 kHz d)
[    82.814] (II) modeset(0): Modeline "800x600"x60.0   81.00  800 832 928 1080  600 600 602 625 doublescan +hsync +vsync (75.0 kHz d)
[    82.814] (II) modeset(0): Modeline "800x600"x72.2   50.00  800 856 976 1040  600 637 643 666 +hsync +vsync (48.1 kHz d)
[    82.814] (II) modeset(0): Modeline "800x600"x75.0   49.50  800 816 896 1056  600 601 604 625 +hsync +vsync (46.9 kHz e)
[    82.814] (II) modeset(0): Modeline "800x600"x60.3   40.00  800 840 968 1056  600 601 605 628 +hsync +vsync (37.9 kHz e)
[    82.814] (II) modeset(0): Modeline "800x600"x56.2   36.00  800 824 896 1024  600 601 603 625 +hsync +vsync (35.2 kHz d)
[    82.814] (II) modeset(0): Modeline "840x525"x60.0   73.12  840 892 980 1120  525 526 529 544 doublescan -hsync +vsync (65.3 kHz d)
[    82.814] (II) modeset(0): Modeline "840x525"x59.9   59.50  840 864 880 920  525 526 529 540 doublescan +hsync -vsync (64.7 kHz d)
[    82.814] (II) modeset(0): Modeline "864x486"x59.9   32.50  864 888 968 1072  486 489 494 506 -hsync +vsync (30.3 kHz d)
[    82.814] (II) modeset(0): Modeline "864x486"x59.6   30.50  864 912 944 1024  486 489 494 500 +hsync -vsync (29.8 kHz d)
[    82.814] (II) modeset(0): Modeline "700x525"x74.8   77.90  700 732 892 956  525 526 532 545 doublescan +hsync +vsync (81.5 kHz d)
[    82.814] (II) modeset(0): Modeline "700x525"x60.0   61.00  700 744 820 940  525 526 532 541 doublescan +hsync +vsync (64.9 kHz d)
[    82.814] (II) modeset(0): Modeline "800x450"x59.9   59.12  800 848 928 1056  450 451 454 467 doublescan -hsync +vsync (56.0 kHz d)
[    82.814] (II) modeset(0): Modeline "800x450"x59.8   48.75  800 824 840 880  450 451 454 463 doublescan +hsync -vsync (55.4 kHz d)
[    82.814] (II) modeset(0): Modeline "640x512"x75.0   67.50  640 648 720 844  512 512 514 533 doublescan +hsync +vsync (80.0 kHz d)
[    82.814] (II) modeset(0): Modeline "640x512"x60.0   54.00  640 664 720 844  512 512 514 533 doublescan +hsync +vsync (64.0 kHz d)
[    82.814] (II) modeset(0): Modeline "700x450"x60.0   51.75  700 740 812 924  450 451 456 467 doublescan -hsync +vsync (56.0 kHz d)
[    82.814] (II) modeset(0): Modeline "700x450"x59.9   43.25  700 724 740 780  450 451 456 463 doublescan +hsync -vsync (55.4 kHz d)
[    82.814] (II) modeset(0): Modeline "640x480"x60.0   54.00  640 688 744 900  480 480 482 500 doublescan +hsync +vsync (60.0 kHz d)
[    82.814] (II) modeset(0): Modeline "640x480"x75.0   31.50  640 656 720 840  480 481 484 500 -hsync -vsync (37.5 kHz e)
[    82.814] (II) modeset(0): Modeline "640x480"x72.8   31.50  640 664 704 832  480 489 492 520 -hsync -vsync (37.9 kHz d)
[    82.814] (II) modeset(0): Modeline "640x480"x75.0   31.50  640 656 720 840  480 481 484 500 -hsync -vsync (37.5 kHz d)
[    82.814] (II) modeset(0): Modeline "640x480"x59.9   25.18  640 656 752 800  480 490 492 525 -hsync -vsync (31.5 kHz e)
[    82.814] (II) modeset(0): Modeline "720x405"x59.5   22.50  720 744 808 896  405 408 413 422 -hsync +vsync (25.1 kHz d)
[    82.814] (II) modeset(0): Modeline "720x405"x59.0   21.75  720 768 800 880  405 408 413 419 +hsync -vsync (24.7 kHz d)
[    82.814] (II) modeset(0): Modeline "720x400"x70.1   28.32  720 738 846 900  400 412 414 449 -hsync +vsync (31.5 kHz e)
[    82.814] (II) modeset(0): Modeline "684x384"x59.9   42.62  684 720 788 892  384 385 390 399 doublescan -hsync +vsync (47.8 kHz d)
[    82.814] (II) modeset(0): Modeline "684x384"x59.9   36.12  684 708 724 764  384 385 390 395 doublescan +hsync -vsync (47.3 kHz d)
[    82.814] (II) modeset(0): Modeline "640x400"x59.9   41.75  640 676 740 840  400 401 404 415 doublescan -hsync +vsync (49.7 kHz d)
[    82.814] (II) modeset(0): Modeline "640x400"x60.0   35.50  640 664 680 720  400 401 404 411 doublescan +hsync -vsync (49.3 kHz d)
[    82.814] (II) modeset(0): Modeline "576x432"x75.0   54.00  576 608 672 800  432 432 434 450 doublescan +hsync +vsync (67.5 kHz d)
[    82.814] (II) modeset(0): Modeline "640x360"x59.9   37.25  640 672 736 832  360 361 364 374 doublescan -hsync +vsync (44.8 kHz d)
[    82.814] (II) modeset(0): Modeline "640x360"x59.8   31.88  640 664 680 720  360 361 364 370 doublescan +hsync -vsync (44.3 kHz d)
[    82.814] (II) modeset(0): Modeline "640x360"x59.8   18.00  640 664 720 800  360 363 368 376 -hsync +vsync (22.5 kHz d)
[    82.814] (II) modeset(0): Modeline "640x360"x59.3   17.75  640 688 720 800  360 363 368 374 +hsync -vsync (22.2 kHz d)
[    82.814] (II) modeset(0): Modeline "512x384"x75.0   39.38  512 520 568 656  384 384 386 400 doublescan +hsync +vsync (60.0 kHz d)
[    82.814] (II) modeset(0): Modeline "512x384"x70.1   37.50  512 524 592 664  384 385 388 403 doublescan -hsync -vsync (56.5 kHz d)
[    82.814] (II) modeset(0): Modeline "512x384"x60.0   32.50  512 524 592 672  384 385 388 403 doublescan -hsync -vsync (48.4 kHz d)
[    82.814] (II) modeset(0): Modeline "512x288"x60.0   23.25  512 532 580 648  288 289 292 299 doublescan -hsync +vsync (35.9 kHz d)
[    82.814] (II) modeset(0): Modeline "512x288"x59.9   21.00  512 536 552 592  288 289 292 296 doublescan +hsync -vsync (35.5 kHz d)
[    82.814] (II) modeset(0): Modeline "416x312"x74.7   28.64  416 432 464 576  312 312 314 333 doublescan -hsync -vsync (49.7 kHz d)
[    82.814] (II) modeset(0): Modeline "480x270"x59.6   20.38  480 496 544 608  270 271 274 281 doublescan -hsync +vsync (33.5 kHz d)
[    82.814] (II) modeset(0): Modeline "480x270"x59.8   18.62  480 504 520 560  270 271 274 278 doublescan +hsync -vsync (33.3 kHz d)
[    82.814] (II) modeset(0): Modeline "400x300"x72.2   25.00  400 428 488 520  300 318 321 333 doublescan +hsync +vsync (48.1 kHz d)
[    82.814] (II) modeset(0): Modeline "400x300"x75.1   24.75  400 408 448 528  300 300 302 312 doublescan +hsync +vsync (46.9 kHz d)
[    82.814] (II) modeset(0): Modeline "400x300"x60.3   20.00  400 420 484 528  300 300 302 314 doublescan +hsync +vsync (37.9 kHz d)
[    82.814] (II) modeset(0): Modeline "400x300"x56.3   18.00  400 412 448 512  300 300 301 312 doublescan +hsync +vsync (35.2 kHz d)
[    82.814] (II) modeset(0): Modeline "432x243"x59.9   16.25  432 444 484 536  243 244 247 253 doublescan -hsync +vsync (30.3 kHz d)
[    82.814] (II) modeset(0): Modeline "432x243"x59.6   15.25  432 456 472 512  243 244 247 250 doublescan +hsync -vsync (29.8 kHz d)
[    82.814] (II) modeset(0): Modeline "320x240"x72.8   15.75  320 332 352 416  240 244 246 260 doublescan -hsync -vsync (37.9 kHz d)
[    82.814] (II) modeset(0): Modeline "320x240"x75.0   15.75  320 328 360 420  240 240 242 250 doublescan -hsync -vsync (37.5 kHz d)
[    82.814] (II) modeset(0): Modeline "320x240"x60.1   12.59  320 328 376 400  240 245 246 262 doublescan -hsync -vsync (31.5 kHz d)
[    82.814] (II) modeset(0): Modeline "360x202"x59.5   11.25  360 372 404 448  202 204 206 211 doublescan -hsync +vsync (25.1 kHz d)
[    82.814] (II) modeset(0): Modeline "360x202"x59.1   10.88  360 384 400 440  202 204 206 209 doublescan +hsync -vsync (24.7 kHz d)
[    82.814] (II) modeset(0): Modeline "320x180"x59.8    9.00  320 332 360 400  180 181 184 188 doublescan -hsync +vsync (22.5 kHz d)
[    82.814] (II) modeset(0): Modeline "320x180"x59.3    8.88  320 344 360 400  180 181 184 187 doublescan +hsync -vsync (22.2 kHz d)
[    82.814] (II) modeset(0): Output DP-1 disconnected
[    82.814] (II) modeset(0): Output DP-2 disconnected
[    82.814] (II) modeset(0): Output HDMI-1 connected
[    82.814] (II) modeset(0): Output DVI-I-1 disconnected
[    82.814] (II) modeset(0): Output DVI-D-1 connected
[    82.814] (II) modeset(0): Using spanning desktop for initial modes
[    82.814] (II) modeset(0): Output HDMI-1 using initial mode 2560x1440 +0+0
[    82.814] (II) modeset(0): Output DVI-D-1 using initial mode 1920x1080 +2560+0
[    82.814] (==) modeset(0): Using gamma correction (1.0, 1.0, 1.0)
[    82.814] (==) modeset(0): DPI set to (96, 96)
[    82.814] (II) Loading sub module "fb"
[    82.814] (II) LoadModule: "fb"
[    82.814] (II) Loading /usr/lib/xorg/modules/libfb.so
[    82.815] (II) Module fb: vendor="X.Org Foundation"
[    82.815] 	compiled for 1.20.9, module version = 1.0.0
[    82.815] 	ABI class: X.Org ANSI C Emulation, version 0.4
[    82.815] (II) UnloadModule: "vesa"
[    82.815] (II) Unloading vesa
[    82.825] (==) modeset(0): Backing store enabled
[    82.825] (==) modeset(0): Silken mouse disabled
[    82.825] (II) modeset(0): Initializing kms color map for depth 24, 8 bpc.
[    82.825] (==) modeset(0): DPMS enabled
[    82.825] (II) modeset(0): [DRI2] Setup complete
[    82.825] (II) modeset(0): [DRI2]   DRI driver: radeonsi
[    82.825] (II) modeset(0): [DRI2]   VDPAU driver: radeonsi
[    82.825] (II) Initializing extension Generic Event Extension
[    82.825] (II) Initializing extension SHAPE
[    82.825] (II) Initializing extension MIT-SHM
[    82.825] (II) Initializing extension XInputExtension
[    82.825] (II) Initializing extension XTEST
[    82.825] (II) Initializing extension BIG-REQUESTS
[    82.825] (II) Initializing extension SYNC
[    82.825] (II) Initializing extension XKEYBOARD
[    82.825] (II) Initializing extension XC-MISC
[    82.825] (II) Initializing extension SECURITY
[    82.825] (II) Initializing extension XFIXES
[    82.825] (II) Initializing extension RENDER
[    82.825] (II) Initializing extension RANDR
[    82.825] (II) Initializing extension COMPOSITE
[    82.825] (II) Initializing extension DAMAGE
[    82.825] (II) Initializing extension MIT-SCREEN-SAVER
[    82.825] (II) Initializing extension DOUBLE-BUFFER
[    82.825] (II) Initializing extension RECORD
[    82.825] (II) Initializing extension DPMS
[    82.825] (II) Initializing extension Present
[    82.825] (II) Initializing extension DRI3
[    82.825] (II) Initializing extension X-Resource
[    82.825] (II) Initializing extension XVideo
[    82.825] (II) Initializing extension XVideo-MotionCompensation
[    82.825] (II) Initializing extension GLX
[    82.828] (II) AIGLX: Loaded and initialized radeonsi
[    82.828] (II) GLX: Initialized DRI2 GL provider for screen 0
[    82.828] (II) Initializing extension XFree86-VidModeExtension
[    82.828] (II) Initializing extension XFree86-DGA
[    82.828] (II) Initializing extension XFree86-DRI
[    82.828] (II) Initializing extension DRI2
[    82.830] (II) modeset(0): Damage tracking initialized
[    82.830] (II) modeset(0): Setting screen physical size to 1185 x 381
[    82.875] (II) config/udev: Adding input device Power Button (/dev/input/event1)
[    82.875] (**) Power Button: Applying InputClass "libinput keyboard catchall"
[    82.875] (II) LoadModule: "libinput"
[    82.876] (II) Loading /usr/lib/xorg/modules/input/libinput_drv.so
[    82.878] (II) Module libinput: vendor="X.Org Foundation"
[    82.878] 	compiled for 1.20.8, module version = 0.30.0
[    82.878] 	Module class: X.Org XInput Driver
[    82.878] 	ABI class: X.Org XInput driver, version 24.1
[    82.878] (II) Using input driver 'libinput' for 'Power Button'
[    82.878] (II) systemd-logind: got fd for /dev/input/event1 13:65 fd 17 paused 0
[    82.878] (**) Power Button: always reports core events
[    82.878] (**) Option "Device" "/dev/input/event1"
[    82.878] (**) Option "_source" "server/udev"
[    82.880] (II) event1  - Power Button: is tagged by udev as: Keyboard
[    82.880] (II) event1  - Power Button: device is a keyboard
[    82.880] (II) event1  - Power Button: device removed
[    82.880] (**) Option "config_info" "udev:/sys/devices/LNXSYSTM:00/LNXPWRBN:00/input/input1/event1"
[    82.880] (II) XINPUT: Adding extended input device "Power Button" (type: KEYBOARD, id 6)
[    82.881] (II) event1  - Power Button: is tagged by udev as: Keyboard
[    82.881] (II) event1  - Power Button: device is a keyboard
[    82.881] (II) config/udev: Adding input device Power Button (/dev/input/event0)
[    82.881] (**) Power Button: Applying InputClass "libinput keyboard catchall"
[    82.881] (II) Using input driver 'libinput' for 'Power Button'
[    82.882] (II) systemd-logind: got fd for /dev/input/event0 13:64 fd 20 paused 0
[    82.882] (**) Power Button: always reports core events
[    82.882] (**) Option "Device" "/dev/input/event0"
[    82.882] (**) Option "_source" "server/udev"
[    82.882] (II) event0  - Power Button: is tagged by udev as: Keyboard
[    82.882] (II) event0  - Power Button: device is a keyboard
[    82.882] (II) event0  - Power Button: device removed
[    82.882] (**) Option "config_info" "udev:/sys/devices/LNXSYSTM:00/LNXSYBUS:00/PNP0C0C:00/input/input0/event0"
[    82.882] (II) XINPUT: Adding extended input device "Power Button" (type: KEYBOARD, id 7)
[    82.883] (II) event0  - Power Button: is tagged by udev as: Keyboard
[    82.883] (II) event0  - Power Button: device is a keyboard
[    82.883] (II) config/udev: Adding input device Logitech K360 (/dev/input/event15)
[    82.883] (**) Logitech K360: Applying InputClass "libinput keyboard catchall"
[    82.883] (II) Using input driver 'libinput' for 'Logitech K360'
[    82.883] (II) systemd-logind: got fd for /dev/input/event15 13:79 fd 21 paused 0
[    82.883] (**) Logitech K360: always reports core events
[    82.883] (**) Option "Device" "/dev/input/event15"
[    82.883] (**) Option "_source" "server/udev"
[    82.884] (II) event15 - Logitech K360: is tagged by udev as: Keyboard
[    82.884] (II) event15 - Logitech K360: device is a keyboard
[    82.884] (II) event15 - Logitech K360: device removed
[    82.884] (II) libinput: Logitech K360: needs a virtual subdevice
[    82.884] (**) Option "config_info" "udev:/sys/devices/pci0000:00/0000:00:01.3/0000:03:00.0/usb1/1-2/1-2:1.2/0003:046D:C52B.0003/0003:046D:4004.0004/input/input26/event15"
[    82.884] (II) XINPUT: Adding extended input device "Logitech K360" (type: MOUSE, id 8)
[    82.885] (**) Option "AccelerationScheme" "none"
[    82.885] (**) Logitech K360: (accel) selected scheme none/0
[    82.885] (**) Logitech K360: (accel) acceleration factor: 2.000
[    82.885] (**) Logitech K360: (accel) acceleration threshold: 4
[    82.885] (II) event15 - Logitech K360: is tagged by udev as: Keyboard
[    82.885] (II) event15 - Logitech K360: device is a keyboard
[    82.886] (II) config/udev: Adding input device UVC Camera (046d:081b) (/dev/input/event14)
[    82.886] (**) UVC Camera (046d:081b): Applying InputClass "libinput keyboard catchall"
[    82.886] (II) Using input driver 'libinput' for 'UVC Camera (046d:081b)'
[    82.886] (II) systemd-logind: got fd for /dev/input/event14 13:78 fd 22 paused 0
[    82.886] (**) UVC Camera (046d:081b): always reports core events
[    82.886] (**) Option "Device" "/dev/input/event14"
[    82.886] (**) Option "_source" "server/udev"
[    82.887] (II) event14 - UVC Camera (046d:081b): is tagged by udev as: Keyboard
[    82.887] (II) event14 - UVC Camera (046d:081b): device is a keyboard
[    82.887] (II) event14 - UVC Camera (046d:081b): device removed
[    82.887] (**) Option "config_info" "udev:/sys/devices/pci0000:00/0000:00:01.3/0000:03:00.0/usb1/1-3/1-3:1.0/input/input14/event14"
[    82.887] (II) XINPUT: Adding extended input device "UVC Camera (046d:081b)" (type: KEYBOARD, id 9)
[    82.888] (II) event14 - UVC Camera (046d:081b): is tagged by udev as: Keyboard
[    82.888] (II) event14 - UVC Camera (046d:081b): device is a keyboard
[    82.888] (II) config/udev: Adding input device HDA ATI HDMI HDMI/DP,pcm=3 (/dev/input/event3)
[    82.888] (II) No input driver specified, ignoring this device.
[    82.888] (II) This device may have been added with another device file.
[    82.888] (II) config/udev: Adding input device HDA ATI HDMI HDMI/DP,pcm=7 (/dev/input/event4)
[    82.888] (II) No input driver specified, ignoring this device.
[    82.888] (II) This device may have been added with another device file.
[    82.888] (II) config/udev: Adding input device HDA ATI HDMI HDMI/DP,pcm=8 (/dev/input/event5)
[    82.888] (II) No input driver specified, ignoring this device.
[    82.888] (II) This device may have been added with another device file.
[    82.889] (II) config/udev: Adding input device HDA ATI HDMI HDMI/DP,pcm=9 (/dev/input/event6)
[    82.889] (II) No input driver specified, ignoring this device.
[    82.889] (II) This device may have been added with another device file.
[    82.889] (II) config/udev: Adding input device HDA ATI HDMI HDMI/DP,pcm=10 (/dev/input/event7)
[    82.889] (II) No input driver specified, ignoring this device.
[    82.889] (II) This device may have been added with another device file.
[    82.889] (II) config/udev: Adding input device HDA ATI HDMI HDMI/DP,pcm=11 (/dev/input/event8)
[    82.889] (II) No input driver specified, ignoring this device.
[    82.889] (II) This device may have been added with another device file.
[    82.889] (II) config/udev: Adding input device HD-Audio Generic Rear Mic (/dev/input/event10)
[    82.889] (II) No input driver specified, ignoring this device.
[    82.889] (II) This device may have been added with another device file.
[    82.889] (II) config/udev: Adding input device HD-Audio Generic Line (/dev/input/event11)
[    82.889] (II) No input driver specified, ignoring this device.
[    82.889] (II) This device may have been added with another device file.
[    82.889] (II) config/udev: Adding input device HD-Audio Generic Line Out (/dev/input/event12)
[    82.889] (II) No input driver specified, ignoring this device.
[    82.889] (II) This device may have been added with another device file.
[    82.889] (II) config/udev: Adding input device HD-Audio Generic Front Headphone (/dev/input/event13)
[    82.889] (II) No input driver specified, ignoring this device.
[    82.889] (II) This device may have been added with another device file.
[    82.890] (II) config/udev: Adding input device HD-Audio Generic Front Mic (/dev/input/event9)
[    82.890] (II) No input driver specified, ignoring this device.
[    82.890] (II) This device may have been added with another device file.
[    82.890] (II) config/udev: Adding input device PC Speaker (/dev/input/event2)
[    82.890] (II) No input driver specified, ignoring this device.
[    82.890] (II) This device may have been added with another device file.
[    82.891] (**) Logitech K360: Applying InputClass "libinput keyboard catchall"
[    82.891] (II) Using input driver 'libinput' for 'Logitech K360'
[    82.891] (II) systemd-logind: returning pre-existing fd for /dev/input/event15 13:79
[    82.891] (**) Logitech K360: always reports core events
[    82.891] (**) Option "Device" "/dev/input/event15"
[    82.891] (**) Option "_source" "_driver/libinput"
[    82.891] (II) libinput: Logitech K360: is a virtual subdevice
[    82.891] (**) Option "config_info" "udev:/sys/devices/pci0000:00/0000:00:01.3/0000:03:00.0/usb1/1-2/1-2:1.2/0003:046D:C52B.0003/0003:046D:4004.0004/input/input26/event15"
[    82.891] (II) XINPUT: Adding extended input device "Logitech K360" (type: KEYBOARD, id 10)
[    83.015] (II) modeset(0): Allocate new frame buffer 3640x1920 stride
[    83.032] (II) modeset(0): Disabling kernel dirty updates, not required.
[    83.391] (II) modeset(0): EDID vendor "GSM", prod id 22585
[    83.391] (II) modeset(0): Using EDID range info for horizontal sync
[    83.391] (II) modeset(0): Using EDID range info for vertical refresh
[    83.391] (II) modeset(0): Printing DDC gathered Modelines:
[    83.391] (II) modeset(0): Modeline "1920x1080"x0.0  148.50  1920 2008 2052 2200  1080 1084 1089 1125 +hsync +vsync (67.5 kHz eP)
[    83.391] (II) modeset(0): Modeline "800x600"x0.0   40.00  800 840 968 1056  600 601 605 628 +hsync +vsync (37.9 kHz e)
[    83.391] (II) modeset(0): Modeline "640x480"x0.0   31.50  640 656 720 840  480 481 484 500 -hsync -vsync (37.5 kHz e)
[    83.391] (II) modeset(0): Modeline "640x480"x0.0   25.18  640 656 752 800  480 490 492 525 -hsync -vsync (31.5 kHz e)
[    83.391] (II) modeset(0): Modeline "720x400"x0.0   28.32  720 738 846 900  400 412 414 449 -hsync +vsync (31.5 kHz e)
[    83.391] (II) modeset(0): Modeline "1280x1024"x0.0  135.00  1280 1296 1440 1688  1024 1025 1028 1066 +hsync +vsync (80.0 kHz e)
[    83.391] (II) modeset(0): Modeline "1024x768"x0.0   78.75  1024 1040 1136 1312  768 769 772 800 +hsync +vsync (60.0 kHz e)
[    83.391] (II) modeset(0): Modeline "1024x768"x0.0   65.00  1024 1048 1184 1344  768 771 777 806 -hsync -vsync (48.4 kHz e)
[    83.391] (II) modeset(0): Modeline "800x600"x0.0   49.50  800 816 896 1056  600 601 604 625 +hsync +vsync (46.9 kHz e)
[    83.391] (II) modeset(0): Modeline "1152x864"x0.0  108.00  1152 1216 1344 1600  864 865 868 900 +hsync +vsync (67.5 kHz e)
[    83.391] (II) modeset(0): Modeline "1280x1024"x0.0  108.00  1280 1328 1440 1688  1024 1025 1028 1066 +hsync +vsync (64.0 kHz e)
[    83.391] (II) modeset(0): Modeline "1680x1050"x0.0  119.00  1680 1728 1760 1840  1050 1053 1059 1080 +hsync -vsync (64.7 kHz e)
